<?xml version="1.0" encoding="UTF-8"?>
<!-- Generated by org.testng.reporters.JUnitReportReporter -->
<testsuite hostname="Suvam" failures="0" tests="1" name="v_TigerWithUtilityAndDDT.TestScript_System_1" time="70.910" errors="0" timestamp="2024-07-11T18:19:55 IST" skipped="0">
  <testcase classname="v_TigerWithUtilityAndDDT.TestScript_System_1" name="testScript_Functional" time="70.910"/>
</testsuite> <!-- v_TigerWithUtilityAndDDT.TestScript_System_1 -->
