<?xml version="1.0" encoding="UTF-8"?>
<!-- Generated by org.testng.reporters.JUnitReportReporter -->
<testsuite hostname="Suvam" failures="0" tests="1" name="practic.contacttest.MyntraPracticeTest" time="5.422" errors="0" timestamp="2024-07-24T18:31:39 IST" skipped="0">
  <testcase classname="practic.contacttest.MyntraPracticeTest" name="getAllDescElements" time="5.422"/>
</testsuite> <!-- practic.contacttest.MyntraPracticeTest -->
