<?xml version="1.0" encoding="UTF-8"?>
<!-- Generated by org.testng.reporters.JUnitReportReporter -->
<testsuite hostname="Suvam" failures="0" tests="1" name="v_Tiger.TestScript_System_3" time="91.635" errors="0" timestamp="2024-07-18T09:39:12 IST" skipped="0">
  <testcase classname="v_Tiger.TestScript_System_3" name="testScript_Functional" time="91.635"/>
</testsuite> <!-- v_Tiger.TestScript_System_3 -->
