<?xml version="1.0" encoding="UTF-8"?>
<!-- Generated by org.testng.reporters.JUnitReportReporter -->
<testsuite hostname="Suvam" failures="0" tests="1" name="practice.datadriventesting.ReadDataFromTestNGXmlTest" time="0.009" errors="0" timestamp="2024-07-03T18:12:08 IST" skipped="0">
  <testcase classname="practice.datadriventesting.ReadDataFromTestNGXmlTest" name="sampleTest" time="0.009"/>
</testsuite> <!-- practice.datadriventesting.ReadDataFromTestNGXmlTest -->
