<?xml version="1.0" encoding="UTF-8"?>
<!-- Generated by org.testng.reporters.JUnitReportReporter -->
<testsuite hostname="Suvam" failures="0" tests="1" name="practic.pom.repository.SampleTestWithPOM" time="5.169" errors="0" timestamp="2024-07-11T11:21:27 IST" skipped="0">
  <testcase classname="practic.pom.repository.SampleTestWithPOM" name="sampletest" time="5.169"/>
</testsuite> <!-- practic.pom.repository.SampleTestWithPOM -->
