<?xml version="1.0" encoding="UTF-8"?>
<!-- Generated by org.testng.reporters.JUnitReportReporter -->
<testsuite hostname="Suvam" failures="0" tests="1" name="v_TigerWithUtilityAndDDT.TestScript_Integration_1" time="16.702" errors="0" timestamp="2024-07-11T17:21:51 IST" skipped="0">
  <testcase classname="v_TigerWithUtilityAndDDT.TestScript_Integration_1" name="testScript_Functional" time="16.702"/>
</testsuite> <!-- v_TigerWithUtilityAndDDT.TestScript_Integration_1 -->
