<?xml version="1.0" encoding="UTF-8"?>
<!-- Generated by org.testng.reporters.JUnitReportReporter -->
<testsuite hostname="Suvam" failures="0" tests="1" name="practice.datadriventesting.VerificationFromHRMDB" time="7.940" errors="0" timestamp="2024-07-06T12:57:55 IST" skipped="0">
  <testcase classname="practice.datadriventesting.VerificationFromHRMDB" name="sampleTest" time="7.940"/>
</testsuite> <!-- practice.datadriventesting.VerificationFromHRMDB -->
