<?xml version="1.0" encoding="UTF-8"?>
<!-- Generated by org.testng.reporters.JUnitReportReporter -->
<testsuite hostname="Suvam" failures="0" tests="1" name="v_TigerWithUtilityAndDDT.TestScript_Integration_2" time="17.214" errors="0" timestamp="2024-07-11T17:22:18 IST" skipped="0">
  <testcase classname="v_TigerWithUtilityAndDDT.TestScript_Integration_2" name="testScript_Functional" time="17.214"/>
</testsuite> <!-- v_TigerWithUtilityAndDDT.TestScript_Integration_2 -->
